# JRE version: OpenJDK Runtime Environment (8.0_152-b01) (build 1.8.0_152-release-1024-b01)
# Java VM: OpenJDK 64-Bit Server VM (25.152-b01 mixed mode linux-amd64 compressed oops)
Heap:
 PSYoungGen      total 213504K, used 17396K [0x00000000e0000000, 0x00000000ee280000, 0x0000000100000000)
  eden space 196096K, 0% used [0x00000000e0000000,0x00000000e0000000,0x00000000ebf80000)
  from space 17408K, 99% used [0x00000000ebf80000,0x00000000ed07d108,0x00000000ed080000)
  to   space 17920K, 0% used [0x00000000ed080000,0x00000000ed080000,0x00000000ee200000)
 ParOldGen       total 77312K, used 49001K [0x00000000a0000000, 0x00000000a4b80000, 0x00000000e0000000)
  object space 77312K, 63% used [0x00000000a0000000,0x00000000a2fda728,0x00000000a4b80000)
 Metaspace       used 74147K, capacity 76604K, committed 76760K, reserved 1116160K
  class space    used 9581K, capacity 10147K, committed 10240K, reserved 1048576K
GC Heap History (10 events):
Event: 18.617 GC heap after
Heap after GC invocations=13 (full 2):
 PSYoungGen      total 136704K, used 12492K [0x00000000e0000000, 0x00000000eba00000, 0x0000000100000000)
  eden space 122880K, 0% used [0x00000000e0000000,0x00000000e0000000,0x00000000e7800000)
  from space 13824K, 90% used [0x00000000e7800000,0x00000000e8433218,0x00000000e8580000)
  to   space 15360K, 0% used [0x00000000eab00000,0x00000000eab00000,0x00000000eba00000)
 ParOldGen       total 55296K, used 28521K [0x00000000a0000000, 0x00000000a3600000, 0x00000000e0000000)
  object space 55296K, 51% used [0x00000000a0000000,0x00000000a1bda440,0x00000000a3600000)
 Metaspace       used 52949K, capacity 54536K, committed 54872K, reserved 1095680K
  class space    used 7292K, capacity 7693K, committed 7808K, reserved 1048576K
}
Event: 80.049 GC heap before
{Heap before GC invocations=14 (full 2):
 PSYoungGen      total 136704K, used 108191K [0x00000000e0000000, 0x00000000eba00000, 0x0000000100000000)
  eden space 122880K, 77% used [0x00000000e0000000,0x00000000e5d74a10,0x00000000e7800000)
  from space 13824K, 90% used [0x00000000e7800000,0x00000000e8433218,0x00000000e8580000)
  to   space 15360K, 0% used [0x00000000eab00000,0x00000000eab00000,0x00000000eba00000)
 ParOldGen       total 55296K, used 28521K [0x00000000a0000000, 0x00000000a3600000, 0x00000000e0000000)
  object space 55296K, 51% used [0x00000000a0000000,0x00000000a1bda440,0x00000000a3600000)
 Metaspace       used 57238K, capacity 58946K, committed 59028K, reserved 1099776K
  class space    used 7697K, capacity 8110K, committed 8192K, reserved 1048576K
Event: 80.117 GC heap after
Heap after GC invocations=14 (full 2):
 PSYoungGen      total 163840K, used 5783K [0x00000000e0000000, 0x00000000eb400000, 0x0000000100000000)
  eden space 154624K, 0% used [0x00000000e0000000,0x00000000e0000000,0x00000000e9700000)
  from space 9216K, 62% used [0x00000000eab00000,0x00000000eb0a5c78,0x00000000eb400000)
  to   space 14848K, 0% used [0x00000000e9700000,0x00000000e9700000,0x00000000ea580000)
 ParOldGen       total 55296K, used 34737K [0x00000000a0000000, 0x00000000a3600000, 0x00000000e0000000)
  object space 55296K, 62% used [0x00000000a0000000,0x00000000a21ec418,0x00000000a3600000)
 Metaspace       used 57238K, capacity 58946K, committed 59028K, reserved 1099776K
  class space    used 7697K, capacity 8110K, committed 8192K, reserved 1048576K
}
Event: 80.117 GC heap before
{Heap before GC invocations=15 (full 3):
 PSYoungGen      total 163840K, used 5783K [0x00000000e0000000, 0x00000000eb400000, 0x0000000100000000)
  eden space 154624K, 0% used [0x00000000e0000000,0x00000000e0000000,0x00000000e9700000)
  from space 9216K, 62% used [0x00000000eab00000,0x00000000eb0a5c78,0x00000000eb400000)
  to   space 14848K, 0% used [0x00000000e9700000,0x00000000e9700000,0x00000000ea580000)
 ParOldGen       total 55296K, used 34737K [0x00000000a0000000, 0x00000000a3600000, 0x00000000e0000000)
  object space 55296K, 62% used [0x00000000a0000000,0x00000000a21ec418,0x00000000a3600000)
 Metaspace       used 57238K, capacity 58946K, committed 59028K, reserved 1099776K
  class space    used 7697K, capacity 8110K, committed 8192K, reserved 1048576K
Event: 80.335 GC heap after
Heap after GC invocations=15 (full 3):
 PSYoungGen      total 163840K, used 0K [0x00000000e0000000, 0x00000000eb400000, 0x0000000100000000)
  eden space 154624K, 0% used [0x00000000e0000000,0x00000000e0000000,0x00000000e9700000)
  from space 9216K, 0% used [0x00000000eab00000,0x00000000eab00000,0x00000000eb400000)
  to   space 14848K, 0% used [0x00000000e9700000,0x00000000e9700000,0x00000000ea580000)
 ParOldGen       total 77312K, used 29155K [0x00000000a0000000, 0x00000000a4b80000, 0x00000000e0000000)
  object space 77312K, 37% used [0x00000000a0000000,0x00000000a1c78c48,0x00000000a4b80000)
 Metaspace       used 57235K, capacity 58934K, committed 59028K, reserved 1099776K
  class space    used 7696K, capacity 8108K, committed 8192K, reserved 1048576K
}
Event: 114.267 GC heap before
{Heap before GC invocations=16 (full 3):
 PSYoungGen      total 163840K, used 154624K [0x00000000e0000000, 0x00000000eb400000, 0x0000000100000000)
  eden space 154624K, 100% used [0x00000000e0000000,0x00000000e9700000,0x00000000e9700000)
  from space 9216K, 0% used [0x00000000eab00000,0x00000000eab00000,0x00000000eb400000)
  to   space 14848K, 0% used [0x00000000e9700000,0x00000000e9700000,0x00000000ea580000)
 ParOldGen       total 77312K, used 29155K [0x00000000a0000000, 0x00000000a4b80000, 0x00000000e0000000)
  object space 77312K, 37% used [0x00000000a0000000,0x00000000a1c78c48,0x00000000a4b80000)
 Metaspace       used 60028K, capacity 61896K, committed 62168K, reserved 1103872K
  class space    used 7944K, capacity 8421K, committed 8448K, reserved 1048576K
Event: 114.298 GC heap after
Heap after GC invocations=16 (full 3):
 PSYoungGen      total 169472K, used 14842K [0x00000000e0000000, 0x00000000ee200000, 0x0000000100000000)
  eden space 154624K, 0% used [0x00000000e0000000,0x00000000e0000000,0x00000000e9700000)
  from space 14848K, 99% used [0x00000000e9700000,0x00000000ea57e900,0x00000000ea580000)
  to   space 17920K, 0% used [0x00000000ed080000,0x00000000ed080000,0x00000000ee200000)
 ParOldGen       total 77312K, used 31820K [0x00000000a0000000, 0x00000000a4b80000, 0x00000000e0000000)
  object space 77312K, 41% used [0x00000000a0000000,0x00000000a1f13270,0x00000000a4b80000)
 Metaspace       used 60028K, capacity 61896K, committed 62168K, reserved 1103872K
  class space    used 7944K, capacity 8421K, committed 8448K, reserved 1048576K
}
Event: 118.251 GC heap before
{Heap before GC invocations=17 (full 3):
 PSYoungGen      total 169472K, used 169466K [0x00000000e0000000, 0x00000000ee200000, 0x0000000100000000)
  eden space 154624K, 100% used [0x00000000e0000000,0x00000000e9700000,0x00000000e9700000)
  from space 14848K, 99% used [0x00000000e9700000,0x00000000ea57e900,0x00000000ea580000)
  to   space 17920K, 0% used [0x00000000ed080000,0x00000000ed080000,0x00000000ee200000)
 ParOldGen       total 77312K, used 31820K [0x00000000a0000000, 0x00000000a4b80000, 0x00000000e0000000)
  object space 77312K, 41% used [0x00000000a0000000,0x00000000a1f13270,0x00000000a4b80000)
 Metaspace       used 62600K, capacity 64642K, committed 64856K, reserved 1105920K
  class space    used 8219K, capacity 8718K, committed 8832K, reserved 1048576K
Event: 118.304 GC heap after
Heap after GC invocations=17 (full 3):
 PSYoungGen      total 214016K, used 8966K [0x00000000e0000000, 0x00000000ee280000, 0x0000000100000000)
  eden space 196096K, 0% used [0x00000000e0000000,0x00000000e0000000,0x00000000ebf80000)
  from space 17920K, 50% used [0x00000000ed080000,0x00000000ed9418e0,0x00000000ee200000)
  to   space 17408K, 0% used [0x00000000ebf80000,0x00000000ebf80000,0x00000000ed080000)
 ParOldGen       total 77312K, used 44001K [0x00000000a0000000, 0x00000000a4b80000, 0x00000000e0000000)
  object space 77312K, 56% used [0x00000000a0000000,0x00000000a2af86b0,0x00000000a4b80000)
 Metaspace       used 62600K, capacity 64642K, committed 64856K, reserved 1105920K
  class space    used 8219K, capacity 8718K, committed 8832K, reserved 1048576K
}
Event: 123.080 GC heap before
{Heap before GC invocations=18 (full 3):
 PSYoungGen      total 214016K, used 205062K [0x00000000e0000000, 0x00000000ee280000, 0x0000000100000000)
  eden space 196096K, 100% used [0x00000000e0000000,0x00000000ebf80000,0x00000000ebf80000)
  from space 17920K, 50% used [0x00000000ed080000,0x00000000ed9418e0,0x00000000ee200000)
  to   space 17408K, 0% used [0x00000000ebf80000,0x00000000ebf80000,0x00000000ed080000)
 ParOldGen       total 77312K, used 44001K [0x00000000a0000000, 0x00000000a4b80000, 0x00000000e0000000)
  object space 77312K, 56% used [0x00000000a0000000,0x00000000a2af86b0,0x00000000a4b80000)
 Metaspace       used 74147K, capacity 76604K, committed 76760K, reserved 1116160K
  class space    used 9581K, capacity 10147K, committed 10240K, reserved 1048576K

